{"level":"info","message":"Server started listening at localhost on port 4000.","timestamp":"2023-07-11T07:50:26.501Z"}
{"level":"info","message":"Test error","timestamp":"2023-07-11T07:50:28.089Z"}
{"level":"info","message":"Your file is in the response","timestamp":"2023-07-11T07:50:31.692Z"}
{"level":"info","message":"Health check successful","timestamp":"2023-07-11T07:50:31.731Z"}
{"level":"info","message":"data.forEach is not a function","timestamp":"2023-07-11T07:50:28.782Z"}
{"level":"info","message":"data.forEach is not a function","timestamp":"2023-07-11T07:50:29.827Z"}
{"level":"info","message":"data.forEach is not a function","timestamp":"2023-07-11T07:50:30.782Z"}
{"level":"info","message":"data.forEach is not a function","timestamp":"2023-07-11T07:50:31.556Z"}
{"level":"info","message":"Cannot convert undefined or null to object","timestamp":"2023-07-11T07:50:32.347Z"}
{"level":"info","message":"Health check successful","timestamp":"2023-07-11T07:57:54.250Z"}
{"level":"info","timestamp":"2023-07-11T07:57:54.743Z"}
{"level":"info","message":"Test error","timestamp":"2023-07-11T07:57:56.516Z"}
{"level":"info","message":"Server started listening at localhost on port 4000.","timestamp":"2023-07-11T07:58:01.947Z"}
{"level":"info","timestamp":"2023-07-11T08:04:53.214Z"}
{"level":"info","message":"Server started listening at localhost on port 4000.","timestamp":"2023-07-11T08:04:53.508Z"}
{"level":"info","message":"Test error","timestamp":"2023-07-11T08:04:54.417Z"}
{"level":"info","message":"Server started listening at localhost on port 4000.","timestamp":"2023-07-11T08:06:26.671Z"}
{"level":"info","timestamp":"2023-07-11T08:06:26.956Z"}
{"level":"info","message":"Health check successful","timestamp":"2023-07-11T08:06:28.926Z"}
{"level":"info","message":"Test error","timestamp":"2023-07-11T08:06:34.110Z"}
{"level":"info","timestamp":"2023-07-11T08:07:43.436Z"}
{"level":"info","message":"Test error","timestamp":"2023-07-11T08:07:46.165Z"}
{"level":"info","message":"Health check successful","timestamp":"2023-07-11T08:07:48.867Z"}
{"level":"info","message":"Server started listening at localhost on port 4000.","timestamp":"2023-07-11T08:07:53.068Z"}
{"level":"info","timestamp":"2023-07-11T08:08:23.161Z"}
{"level":"info","message":"Test error","timestamp":"2023-07-11T08:08:23.427Z"}
{"level":"info","message":"Health check successful","timestamp":"2023-07-11T08:08:31.560Z"}
{"level":"info","message":"Server started listening at localhost on port 4000.","timestamp":"2023-07-11T08:08:32.332Z"}
{"level":"info","message":"Server started listening at localhost on port 4000.","timestamp":"2023-07-11T08:09:27.953Z"}
{"level":"info","timestamp":"2023-07-11T08:09:28.548Z"}
{"level":"info","message":"Test error","timestamp":"2023-07-11T08:09:33.148Z"}
{"level":"info","message":"Health check successful","timestamp":"2023-07-11T08:09:33.697Z"}
{"level":"info","message":"Health check successful","timestamp":"2023-07-11T08:10:19.959Z"}
{"level":"info","timestamp":"2023-07-11T08:10:20.499Z"}
{"level":"info","message":"Test error","timestamp":"2023-07-11T08:10:29.624Z"}
{"level":"info","message":"Server started listening at localhost on port 4000.","timestamp":"2023-07-11T08:10:30.164Z"}
{"level":"info","message":"Test error","timestamp":"2023-07-11T08:12:05.977Z"}
{"level":"info","timestamp":"2023-07-11T08:12:06.356Z"}
{"level":"info","message":"Health check successful","timestamp":"2023-07-11T08:12:11.178Z"}
{"level":"info","message":"Server started listening at localhost on port 4000.","timestamp":"2023-07-11T08:12:14.591Z"}
{"level":"info","message":"Server started listening at localhost on port 4000.","timestamp":"2023-07-11T08:15:48.948Z"}
{"level":"info","message":"Health check successful","timestamp":"2023-07-11T08:16:28.645Z"}
{"level":"info","message":"Health check successful","timestamp":"2023-07-11T08:22:32.056Z"}
{"level":"info","message":"Test error","timestamp":"2023-07-11T08:29:37.594Z"}
{"level":"info","timestamp":"2023-07-11T08:29:38.513Z"}
{"level":"info","message":"Server started listening at localhost on port 4000.","timestamp":"2023-07-11T08:29:38.886Z"}
{"level":"info","message":"Health check successful","timestamp":"2023-07-11T08:29:39.736Z"}
{"level":"info","message":"Server started listening at localhost on port 4000.","timestamp":"2023-07-11T09:19:00.769Z"}
{"level":"info","message":"Server started listening at localhost on port 4000.","timestamp":"2023-07-11T10:26:57.997Z"}
{"level":"info","message":"Health check successful","timestamp":"2023-07-11T10:27:21.519Z"}
